This is pdfTeX, Version 3.14159265-2.6-1.40.21 (TeX Live 2020) (preloaded format=pdflatex 2020.7.8)  8 JUL 2020 11:54
entering extended mode
 restricted \write18 enabled.
 %&-line parsing enabled.
**Project_Report.tex
(./Project_Report.tex
LaTeX2e <2020-02-02> patch level 5
L3 programming layer <2020-06-18> (/home/hswin/.TinyTeX/texmf-dist/tex/latex/ba
se/article.cls
Document Class: article 2019/12/20 v1.4l Standard LaTeX document class
(/home/hswin/.TinyTeX/texmf-dist/tex/latex/base/size12.clo
File: size12.clo 2019/12/20 v1.4l Standard LaTeX file (size option)
)
\c@part=\count167
\c@section=\count168
\c@subsection=\count169
\c@subsubsection=\count170
\c@paragraph=\count171
\c@subparagraph=\count172
\c@figure=\count173
\c@table=\count174
\abovecaptionskip=\skip47
\belowcaptionskip=\skip48
\bibindent=\dimen134
) (/home/hswin/.TinyTeX/texmf-dist/tex/latex/lm/lmodern.sty
Package: lmodern 2009/10/30 v1.6 Latin Modern Fonts
LaTeX Font Info:    Overwriting symbol font `operators' in version `normal'
(Font)                  OT1/cmr/m/n --> OT1/lmr/m/n on input line 22.
LaTeX Font Info:    Overwriting symbol font `letters' in version `normal'
(Font)                  OML/cmm/m/it --> OML/lmm/m/it on input line 23.
LaTeX Font Info:    Overwriting symbol font `symbols' in version `normal'
(Font)                  OMS/cmsy/m/n --> OMS/lmsy/m/n on input line 24.
LaTeX Font Info:    Overwriting symbol font `largesymbols' in version `normal'
(Font)                  OMX/cmex/m/n --> OMX/lmex/m/n on input line 25.
LaTeX Font Info:    Overwriting symbol font `operators' in version `bold'
(Font)                  OT1/cmr/bx/n --> OT1/lmr/bx/n on input line 26.
LaTeX Font Info:    Overwriting symbol font `letters' in version `bold'
(Font)                  OML/cmm/b/it --> OML/lmm/b/it on input line 27.
LaTeX Font Info:    Overwriting symbol font `symbols' in version `bold'
(Font)                  OMS/cmsy/b/n --> OMS/lmsy/b/n on input line 28.
LaTeX Font Info:    Overwriting symbol font `largesymbols' in version `bold'
(Font)                  OMX/cmex/m/n --> OMX/lmex/m/n on input line 29.
LaTeX Font Info:    Overwriting math alphabet `\mathbf' in version `normal'
(Font)                  OT1/cmr/bx/n --> OT1/lmr/bx/n on input line 31.
LaTeX Font Info:    Overwriting math alphabet `\mathsf' in version `normal'
(Font)                  OT1/cmss/m/n --> OT1/lmss/m/n on input line 32.
LaTeX Font Info:    Overwriting math alphabet `\mathit' in version `normal'
(Font)                  OT1/cmr/m/it --> OT1/lmr/m/it on input line 33.
LaTeX Font Info:    Overwriting math alphabet `\mathtt' in version `normal'
(Font)                  OT1/cmtt/m/n --> OT1/lmtt/m/n on input line 34.
LaTeX Font Info:    Overwriting math alphabet `\mathbf' in version `bold'
(Font)                  OT1/cmr/bx/n --> OT1/lmr/bx/n on input line 35.
LaTeX Font Info:    Overwriting math alphabet `\mathsf' in version `bold'
(Font)                  OT1/cmss/bx/n --> OT1/lmss/bx/n on input line 36.
LaTeX Font Info:    Overwriting math alphabet `\mathit' in version `bold'
(Font)                  OT1/cmr/bx/it --> OT1/lmr/bx/it on input line 37.
LaTeX Font Info:    Overwriting math alphabet `\mathtt' in version `bold'
(Font)                  OT1/cmtt/m/n --> OT1/lmtt/m/n on input line 38.
) (/home/hswin/.TinyTeX/texmf-dist/tex/latex/amsfonts/amssymb.sty
Package: amssymb 2013/01/14 v3.01 AMS font symbols
(/home/hswin/.TinyTeX/texmf-dist/tex/latex/amsfonts/amsfonts.sty
Package: amsfonts 2013/01/14 v3.01 Basic AMSFonts support
\@emptytoks=\toks15
\symAMSa=\mathgroup4
\symAMSb=\mathgroup5
LaTeX Font Info:    Redeclaring math symbol \hbar on input line 98.
LaTeX Font Info:    Overwriting math alphabet `\mathfrak' in version `bold'
(Font)                  U/euf/m/n --> U/euf/b/n on input line 106.
)) (/home/hswin/.TinyTeX/texmf-dist/tex/latex/amsmath/amsmath.sty
Package: amsmath 2020/01/20 v2.17e AMS math features
\@mathmargin=\skip49
For additional information on amsmath, use the `?' option.
(/home/hswin/.TinyTeX/texmf-dist/tex/latex/amsmath/amstext.sty
Package: amstext 2000/06/29 v2.01 AMS text
(/home/hswin/.TinyTeX/texmf-dist/tex/latex/amsmath/amsgen.sty
File: amsgen.sty 1999/11/30 v2.0 generic functions
\@emptytoks=\toks16
\ex@=\dimen135
)) (/home/hswin/.TinyTeX/texmf-dist/tex/latex/amsmath/amsbsy.sty
Package: amsbsy 1999/11/29 v1.2d Bold Symbols
\pmbraise@=\dimen136
) (/home/hswin/.TinyTeX/texmf-dist/tex/latex/amsmath/amsopn.sty
Package: amsopn 2016/03/08 v2.02 operator names
)
\inf@bad=\count175
LaTeX Info: Redefining \frac on input line 227.
\uproot@=\count176
\leftroot@=\count177
LaTeX Info: Redefining \overline on input line 389.
\classnum@=\count178
\DOTSCASE@=\count179
LaTeX Info: Redefining \ldots on input line 486.
LaTeX Info: Redefining \dots on input line 489.
LaTeX Info: Redefining \cdots on input line 610.
\Mathstrutbox@=\box45
\strutbox@=\box46
\big@size=\dimen137
LaTeX Font Info:    Redeclaring font encoding OML on input line 733.
LaTeX Font Info:    Redeclaring font encoding OMS on input line 734.
\macc@depth=\count180
\c@MaxMatrixCols=\count181
\dotsspace@=\muskip16
\c@parentequation=\count182
\dspbrk@lvl=\count183
\tag@help=\toks17
\row@=\count184
\column@=\count185
\maxfields@=\count186
\andhelp@=\toks18
\eqnshift@=\dimen138
\alignsep@=\dimen139
\tagshift@=\dimen140
\tagwidth@=\dimen141
\totwidth@=\dimen142
\lineht@=\dimen143
\@envbody=\toks19
\multlinegap=\skip50
\multlinetaggap=\skip51
\mathdisplay@stack=\toks20
LaTeX Info: Redefining \[ on input line 2859.
LaTeX Info: Redefining \] on input line 2860.
) (/home/hswin/.TinyTeX/texmf-dist/tex/generic/iftex/ifxetex.sty
Package: ifxetex 2019/10/25 v0.7 ifxetex legacy package. Use iftex instead.
(/home/hswin/.TinyTeX/texmf-dist/tex/generic/iftex/iftex.sty
Package: iftex 2020/03/06 v1.0d TeX engine tests
)) (/home/hswin/.TinyTeX/texmf-dist/tex/generic/iftex/ifluatex.sty
Package: ifluatex 2019/10/25 v1.5 ifluatex legacy package. Use iftex instead.
) (/home/hswin/.TinyTeX/texmf-dist/tex/latex/base/fixltx2e.sty
Package: fixltx2e 2016/12/29 v2.1a fixes to LaTeX (obsolete)
Applying: [2015/01/01] Old fixltx2e package on input line 46.

Package fixltx2e Warning: fixltx2e is not required with releases after 2015
(fixltx2e)                All fixes are now in the LaTeX kernel.
(fixltx2e)                See the latexrelease package for details.

Already applied: [0000/00/00] Old fixltx2e package on input line 53.
) (/home/hswin/.TinyTeX/texmf-dist/tex/latex/base/fontenc.sty
Package: fontenc 2020/02/11 v2.0o Standard LaTeX package
LaTeX Font Info:    Trying to load font information for T1+lmr on input line 11
2.
(/home/hswin/.TinyTeX/texmf-dist/tex/latex/lm/t1lmr.fd
File: t1lmr.fd 2009/10/30 v1.6 Font defs for Latin Modern
)) (/home/hswin/.TinyTeX/texmf-dist/tex/latex/base/inputenc.sty
Package: inputenc 2018/08/11 v1.3c Input encoding file
\inpenc@prehook=\toks21
\inpenc@posthook=\toks22
) (/home/hswin/.TinyTeX/texmf-dist/tex/latex/base/textcomp.sty
Package: textcomp 2020/02/02 v2.0n Standard LaTeX package
) (/home/hswin/.TinyTeX/texmf-dist/tex/latex/hyperref/hyperref.sty
Package: hyperref 2020-05-15 v7.00e Hypertext links for LaTeX
(/home/hswin/.TinyTeX/texmf-dist/tex/generic/ltxcmds/ltxcmds.sty
Package: ltxcmds 2019/12/15 v1.24 LaTeX kernel commands for general use (HO)
) (/home/hswin/.TinyTeX/texmf-dist/tex/generic/pdftexcmds/pdftexcmds.sty
Package: pdftexcmds 2020-06-27 v0.33 Utility functions of pdfTeX for LuaTeX (HO
)
(/home/hswin/.TinyTeX/texmf-dist/tex/generic/infwarerr/infwarerr.sty
Package: infwarerr 2019/12/03 v1.5 Providing info/warning/error messages (HO)
)
Package pdftexcmds Info: \pdf@primitive is available.
Package pdftexcmds Info: \pdf@ifprimitive is available.
Package pdftexcmds Info: \pdfdraftmode found.
) (/home/hswin/.TinyTeX/texmf-dist/tex/latex/graphics/keyval.sty
Package: keyval 2014/10/28 v1.15 key=value parser (DPC)
\KV@toks@=\toks23
) (/home/hswin/.TinyTeX/texmf-dist/tex/generic/kvsetkeys/kvsetkeys.sty
Package: kvsetkeys 2019/12/15 v1.18 Key value parser (HO)
) (/home/hswin/.TinyTeX/texmf-dist/tex/generic/kvdefinekeys/kvdefinekeys.sty
Package: kvdefinekeys 2019-12-19 v1.6 Define keys (HO)
) (/home/hswin/.TinyTeX/texmf-dist/tex/generic/pdfescape/pdfescape.sty
Package: pdfescape 2019/12/09 v1.15 Implements pdfTeX's escape features (HO)
) (/home/hswin/.TinyTeX/texmf-dist/tex/latex/hycolor/hycolor.sty
Package: hycolor 2020-01-27 v1.10 Color options for hyperref/bookmark (HO)
) (/home/hswin/.TinyTeX/texmf-dist/tex/latex/letltxmacro/letltxmacro.sty
Package: letltxmacro 2019/12/03 v1.6 Let assignment for LaTeX macros (HO)
) (/home/hswin/.TinyTeX/texmf-dist/tex/latex/auxhook/auxhook.sty
Package: auxhook 2019-12-17 v1.6 Hooks for auxiliary files (HO)
) (/home/hswin/.TinyTeX/texmf-dist/tex/latex/kvoptions/kvoptions.sty
Package: kvoptions 2019/11/29 v3.13 Key value format for package options (HO)
)
\@linkdim=\dimen144
\Hy@linkcounter=\count187
\Hy@pagecounter=\count188
(/home/hswin/.TinyTeX/texmf-dist/tex/latex/hyperref/pd1enc.def
File: pd1enc.def 2020-05-15 v7.00e Hyperref: PDFDocEncoding definition (HO)
Now handling font encoding PD1 ...
... no UTF-8 mapping file for font encoding PD1
) (/home/hswin/.TinyTeX/texmf-dist/tex/generic/intcalc/intcalc.sty
Package: intcalc 2019/12/15 v1.3 Expandable calculations with integers (HO)
) (/home/hswin/.TinyTeX/texmf-dist/tex/generic/etexcmds/etexcmds.sty
Package: etexcmds 2019/12/15 v1.7 Avoid name clashes with e-TeX commands (HO)
)
\Hy@SavedSpaceFactor=\count189
Package hyperref Info: Option `unicode' set `true' on input line 4338.
(/home/hswin/.TinyTeX/texmf-dist/tex/latex/hyperref/puenc.def
File: puenc.def 2020-05-15 v7.00e Hyperref: PDF Unicode definition (HO)
Now handling font encoding PU ...
... no UTF-8 mapping file for font encoding PU
)
Package hyperref Info: Hyper figures OFF on input line 4464.
Package hyperref Info: Link nesting OFF on input line 4469.
Package hyperref Info: Hyper index ON on input line 4472.
Package hyperref Info: Plain pages OFF on input line 4479.
Package hyperref Info: Backreferencing OFF on input line 4484.
Package hyperref Info: Implicit mode ON; LaTeX internals redefined.
Package hyperref Info: Bookmarks ON on input line 4717.
\c@Hy@tempcnt=\count190
(/home/hswin/.TinyTeX/texmf-dist/tex/latex/url/url.sty
\Urlmuskip=\muskip17
Package: url 2013/09/16  ver 3.4  Verb mode for urls, etc.
)
LaTeX Info: Redefining \url on input line 5076.
\XeTeXLinkMargin=\dimen145
(/home/hswin/.TinyTeX/texmf-dist/tex/generic/bitset/bitset.sty
Package: bitset 2019/12/09 v1.3 Handle bit-vector datatype (HO)
(/home/hswin/.TinyTeX/texmf-dist/tex/generic/bigintcalc/bigintcalc.sty
Package: bigintcalc 2019/12/15 v1.5 Expandable calculations on big integers (HO
)
))
\Fld@menulength=\count191
\Field@Width=\dimen146
\Fld@charsize=\dimen147
Package hyperref Info: Hyper figures OFF on input line 6347.
Package hyperref Info: Link nesting OFF on input line 6352.
Package hyperref Info: Hyper index ON on input line 6355.
Package hyperref Info: backreferencing OFF on input line 6362.
Package hyperref Info: Link coloring OFF on input line 6367.
Package hyperref Info: Link coloring with OCG OFF on input line 6372.
Package hyperref Info: PDF/A mode OFF on input line 6377.
LaTeX Info: Redefining \ref on input line 6417.
LaTeX Info: Redefining \pageref on input line 6421.
(/home/hswin/.TinyTeX/texmf-dist/tex/generic/atbegshi/atbegshi.sty
Package: atbegshi 2019/12/05 v1.19 At begin shipout hook (HO)
)
\Hy@abspage=\count192
\c@Item=\count193
\c@Hfootnote=\count194
)
Package hyperref Info: Driver (autodetected): hpdftex.
(/home/hswin/.TinyTeX/texmf-dist/tex/latex/hyperref/hpdftex.def
File: hpdftex.def 2020-05-15 v7.00e Hyperref driver for pdfTeX
(/home/hswin/.TinyTeX/texmf-dist/tex/latex/atveryend/atveryend.sty
Package: atveryend 2019-12-11 v1.11 Hooks at the very end of document (HO)
Package atveryend Info: \enddocument detected (standard20110627).
)
\Fld@listcount=\count195
\c@bookmark@seq@number=\count196
(/home/hswin/.TinyTeX/texmf-dist/tex/latex/rerunfilecheck/rerunfilecheck.sty
Package: rerunfilecheck 2019/12/05 v1.9 Rerun checks for auxiliary files (HO)
(/home/hswin/.TinyTeX/texmf-dist/tex/generic/uniquecounter/uniquecounter.sty
Package: uniquecounter 2019/12/15 v1.4 Provide unlimited unique counter (HO)
)
Package uniquecounter Info: New unique counter `rerunfilecheck' on input line 2
86.
)
\Hy@SectionHShift=\skip52
)
Package hyperref Info: Option `breaklinks' set `true' on input line 28.
(/home/hswin/.TinyTeX/texmf-dist/tex/latex/geometry/geometry.sty
Package: geometry 2020/01/02 v5.9 Page Geometry
(/home/hswin/.TinyTeX/texmf-dist/tex/generic/iftex/ifvtex.sty
Package: ifvtex 2019/10/25 v1.7 ifvtex legacy package. Use iftex instead.
)
\Gm@cnth=\count197
\Gm@cntv=\count198
\c@Gm@tempcnt=\count199
\Gm@bindingoffset=\dimen148
\Gm@wd@mp=\dimen149
\Gm@odd@mp=\dimen150
\Gm@even@mp=\dimen151
\Gm@layoutwidth=\dimen152
\Gm@layoutheight=\dimen153
\Gm@layouthoffset=\dimen154
\Gm@layoutvoffset=\dimen155
\Gm@dimlist=\toks24
) (/home/hswin/.TinyTeX/texmf-dist/tex/latex/graphics/graphicx.sty
Package: graphicx 2019/11/30 v1.2a Enhanced LaTeX Graphics (DPC,SPQR)
(/home/hswin/.TinyTeX/texmf-dist/tex/latex/graphics/graphics.sty
Package: graphics 2019/11/30 v1.4a Standard LaTeX Graphics (DPC,SPQR)
(/home/hswin/.TinyTeX/texmf-dist/tex/latex/graphics/trig.sty
Package: trig 2016/01/03 v1.10 sin cos tan (DPC)
) (/home/hswin/.TinyTeX/texmf-dist/tex/latex/graphics-cfg/graphics.cfg
File: graphics.cfg 2016/06/04 v1.11 sample graphics configuration
)
Package graphics Info: Driver file: pdftex.def on input line 105.
(/home/hswin/.TinyTeX/texmf-dist/tex/latex/graphics-def/pdftex.def
File: pdftex.def 2018/01/08 v1.0l Graphics/color driver for pdftex
))
\Gin@req@height=\dimen156
\Gin@req@width=\dimen157
) (/home/hswin/.TinyTeX/texmf-dist/tex/latex/grffile/grffile.sty
Package: grffile 2019/11/11 v2.1 Extended file name support for graphics (legac
y)
Package grffile Info: This package is an empty stub for compatibility on input 
line 40.
) (/home/hswin/.TinyTeX/texmf-dist/tex/latex/float/float.sty
Package: float 2001/11/08 v1.3d Float enhancements (AL)
\c@float@type=\count266
\float@exts=\toks25
\float@box=\box47
\@float@everytoks=\toks26
\@floatcapt=\box48
) (/home/hswin/.TinyTeX/texmf-dist/tex/latex/tools/indentfirst.sty
Package: indentfirst 1995/11/23 v1.03 Indent first paragraph (DPC)
) (/home/hswin/.TinyTeX/texmf-dist/tex/latex/base/fontenc.sty
Package: fontenc 2020/02/11 v2.0o Standard LaTeX package
) (/home/hswin/.TinyTeX/texmf-dist/tex/latex/pgf/frontendlayer/tikz.sty (/home/
hswin/.TinyTeX/texmf-dist/tex/latex/pgf/basiclayer/pgf.sty (/home/hswin/.TinyTe
X/texmf-dist/tex/latex/pgf/utilities/pgfrcs.sty (/home/hswin/.TinyTeX/texmf-dis
t/tex/generic/pgf/utilities/pgfutil-common.tex
\pgfutil@everybye=\toks27
\pgfutil@tempdima=\dimen158
\pgfutil@tempdimb=\dimen159

(/home/hswin/.TinyTeX/texmf-dist/tex/generic/pgf/utilities/pgfutil-common-lists
.tex)) (/home/hswin/.TinyTeX/texmf-dist/tex/generic/pgf/utilities/pgfutil-latex
.def
\pgfutil@abb=\box49
(/home/hswin/.TinyTeX/texmf-dist/tex/latex/ms/everyshi.sty
Package: everyshi 2001/05/15 v3.00 EveryShipout Package (MS)
)) (/home/hswin/.TinyTeX/texmf-dist/tex/generic/pgf/utilities/pgfrcs.code.tex (
/home/hswin/.TinyTeX/texmf-dist/tex/generic/pgf/pgf.revision.tex)
Package: pgfrcs 2020/01/08 v3.1.5b (3.1.5b)
))
Package: pgf 2020/01/08 v3.1.5b (3.1.5b)
(/home/hswin/.TinyTeX/texmf-dist/tex/latex/pgf/basiclayer/pgfcore.sty (/home/hs
win/.TinyTeX/texmf-dist/tex/latex/pgf/systemlayer/pgfsys.sty (/home/hswin/.Tiny
TeX/texmf-dist/tex/generic/pgf/systemlayer/pgfsys.code.tex
Package: pgfsys 2020/01/08 v3.1.5b (3.1.5b)
(/home/hswin/.TinyTeX/texmf-dist/tex/generic/pgf/utilities/pgfkeys.code.tex
\pgfkeys@pathtoks=\toks28
\pgfkeys@temptoks=\toks29

(/home/hswin/.TinyTeX/texmf-dist/tex/generic/pgf/utilities/pgfkeysfiltered.code
.tex
\pgfkeys@tmptoks=\toks30
))
\pgf@x=\dimen160
\pgf@y=\dimen161
\pgf@xa=\dimen162
\pgf@ya=\dimen163
\pgf@xb=\dimen164
\pgf@yb=\dimen165
\pgf@xc=\dimen166
\pgf@yc=\dimen167
\pgf@xd=\dimen168
\pgf@yd=\dimen169
\w@pgf@writea=\write3
\r@pgf@reada=\read2
\c@pgf@counta=\count267
\c@pgf@countb=\count268
\c@pgf@countc=\count269
\c@pgf@countd=\count270
\t@pgf@toka=\toks31
\t@pgf@tokb=\toks32
\t@pgf@tokc=\toks33
\pgf@sys@id@count=\count271
(/home/hswin/.TinyTeX/texmf-dist/tex/generic/pgf/systemlayer/pgf.cfg
File: pgf.cfg 2020/01/08 v3.1.5b (3.1.5b)
)
Driver file for pgf: pgfsys-pdftex.def
(/home/hswin/.TinyTeX/texmf-dist/tex/generic/pgf/systemlayer/pgfsys-pdftex.def
File: pgfsys-pdftex.def 2020/01/08 v3.1.5b (3.1.5b)

(/home/hswin/.TinyTeX/texmf-dist/tex/generic/pgf/systemlayer/pgfsys-common-pdf.
def
File: pgfsys-common-pdf.def 2020/01/08 v3.1.5b (3.1.5b)
)))
(/home/hswin/.TinyTeX/texmf-dist/tex/generic/pgf/systemlayer/pgfsyssoftpath.cod
e.tex
File: pgfsyssoftpath.code.tex 2020/01/08 v3.1.5b (3.1.5b)
\pgfsyssoftpath@smallbuffer@items=\count272
\pgfsyssoftpath@bigbuffer@items=\count273
)
(/home/hswin/.TinyTeX/texmf-dist/tex/generic/pgf/systemlayer/pgfsysprotocol.cod
e.tex
File: pgfsysprotocol.code.tex 2020/01/08 v3.1.5b (3.1.5b)
)) (/home/hswin/.TinyTeX/texmf-dist/tex/latex/xcolor/xcolor.sty
Package: xcolor 2016/05/11 v2.12 LaTeX color extensions (UK)
(/home/hswin/.TinyTeX/texmf-dist/tex/latex/graphics-cfg/color.cfg
File: color.cfg 2016/01/02 v1.6 sample color configuration
)
Package xcolor Info: Driver file: pdftex.def on input line 225.
Package xcolor Info: Model `cmy' substituted by `cmy0' on input line 1348.
Package xcolor Info: Model `hsb' substituted by `rgb' on input line 1352.
Package xcolor Info: Model `RGB' extended on input line 1364.
Package xcolor Info: Model `HTML' substituted by `rgb' on input line 1366.
Package xcolor Info: Model `Hsb' substituted by `hsb' on input line 1367.
Package xcolor Info: Model `tHsb' substituted by `hsb' on input line 1368.
Package xcolor Info: Model `HSB' substituted by `hsb' on input line 1369.
Package xcolor Info: Model `Gray' substituted by `gray' on input line 1370.
Package xcolor Info: Model `wave' substituted by `hsb' on input line 1371.
) (/home/hswin/.TinyTeX/texmf-dist/tex/generic/pgf/basiclayer/pgfcore.code.tex
Package: pgfcore 2020/01/08 v3.1.5b (3.1.5b)
(/home/hswin/.TinyTeX/texmf-dist/tex/generic/pgf/math/pgfmath.code.tex (/home/h
swin/.TinyTeX/texmf-dist/tex/generic/pgf/math/pgfmathcalc.code.tex (/home/hswin
/.TinyTeX/texmf-dist/tex/generic/pgf/math/pgfmathutil.code.tex) (/home/hswin/.T
inyTeX/texmf-dist/tex/generic/pgf/math/pgfmathparser.code.tex
\pgfmath@dimen=\dimen170
\pgfmath@count=\count274
\pgfmath@box=\box50
\pgfmath@toks=\toks34
\pgfmath@stack@operand=\toks35
\pgfmath@stack@operation=\toks36
)
(/home/hswin/.TinyTeX/texmf-dist/tex/generic/pgf/math/pgfmathfunctions.code.tex

(/home/hswin/.TinyTeX/texmf-dist/tex/generic/pgf/math/pgfmathfunctions.basic.co
de.tex)
(/home/hswin/.TinyTeX/texmf-dist/tex/generic/pgf/math/pgfmathfunctions.trigonom
etric.code.tex)
(/home/hswin/.TinyTeX/texmf-dist/tex/generic/pgf/math/pgfmathfunctions.random.c
ode.tex)
(/home/hswin/.TinyTeX/texmf-dist/tex/generic/pgf/math/pgfmathfunctions.comparis
on.code.tex)
(/home/hswin/.TinyTeX/texmf-dist/tex/generic/pgf/math/pgfmathfunctions.base.cod
e.tex)
(/home/hswin/.TinyTeX/texmf-dist/tex/generic/pgf/math/pgfmathfunctions.round.co
de.tex)
(/home/hswin/.TinyTeX/texmf-dist/tex/generic/pgf/math/pgfmathfunctions.misc.cod
e.tex)
(/home/hswin/.TinyTeX/texmf-dist/tex/generic/pgf/math/pgfmathfunctions.integera
rithmetics.code.tex))) (/home/hswin/.TinyTeX/texmf-dist/tex/generic/pgf/math/pg
fmathfloat.code.tex
\c@pgfmathroundto@lastzeros=\count275
)) (/home/hswin/.TinyTeX/texmf-dist/tex/generic/pgf/math/pgfint.code.tex)
(/home/hswin/.TinyTeX/texmf-dist/tex/generic/pgf/basiclayer/pgfcorepoints.code.
tex
File: pgfcorepoints.code.tex 2020/01/08 v3.1.5b (3.1.5b)
\pgf@picminx=\dimen171
\pgf@picmaxx=\dimen172
\pgf@picminy=\dimen173
\pgf@picmaxy=\dimen174
\pgf@pathminx=\dimen175
\pgf@pathmaxx=\dimen176
\pgf@pathminy=\dimen177
\pgf@pathmaxy=\dimen178
\pgf@xx=\dimen179
\pgf@xy=\dimen180
\pgf@yx=\dimen181
\pgf@yy=\dimen182
\pgf@zx=\dimen183
\pgf@zy=\dimen184
)
(/home/hswin/.TinyTeX/texmf-dist/tex/generic/pgf/basiclayer/pgfcorepathconstruc
t.code.tex
File: pgfcorepathconstruct.code.tex 2020/01/08 v3.1.5b (3.1.5b)
\pgf@path@lastx=\dimen185
\pgf@path@lasty=\dimen186
)
(/home/hswin/.TinyTeX/texmf-dist/tex/generic/pgf/basiclayer/pgfcorepathusage.co
de.tex
File: pgfcorepathusage.code.tex 2020/01/08 v3.1.5b (3.1.5b)
\pgf@shorten@end@additional=\dimen187
\pgf@shorten@start@additional=\dimen188
)
(/home/hswin/.TinyTeX/texmf-dist/tex/generic/pgf/basiclayer/pgfcorescopes.code.
tex
File: pgfcorescopes.code.tex 2020/01/08 v3.1.5b (3.1.5b)
\pgfpic=\box51
\pgf@hbox=\box52
\pgf@layerbox@main=\box53
\pgf@picture@serial@count=\count276
)
(/home/hswin/.TinyTeX/texmf-dist/tex/generic/pgf/basiclayer/pgfcoregraphicstate
.code.tex
File: pgfcoregraphicstate.code.tex 2020/01/08 v3.1.5b (3.1.5b)
\pgflinewidth=\dimen189
)
(/home/hswin/.TinyTeX/texmf-dist/tex/generic/pgf/basiclayer/pgfcoretransformati
ons.code.tex
File: pgfcoretransformations.code.tex 2020/01/08 v3.1.5b (3.1.5b)
\pgf@pt@x=\dimen190
\pgf@pt@y=\dimen191
\pgf@pt@temp=\dimen192
)
(/home/hswin/.TinyTeX/texmf-dist/tex/generic/pgf/basiclayer/pgfcorequick.code.t
ex
File: pgfcorequick.code.tex 2020/01/08 v3.1.5b (3.1.5b)
)
(/home/hswin/.TinyTeX/texmf-dist/tex/generic/pgf/basiclayer/pgfcoreobjects.code
.tex
File: pgfcoreobjects.code.tex 2020/01/08 v3.1.5b (3.1.5b)
)
(/home/hswin/.TinyTeX/texmf-dist/tex/generic/pgf/basiclayer/pgfcorepathprocessi
ng.code.tex
File: pgfcorepathprocessing.code.tex 2020/01/08 v3.1.5b (3.1.5b)
)
(/home/hswin/.TinyTeX/texmf-dist/tex/generic/pgf/basiclayer/pgfcorearrows.code.
tex
File: pgfcorearrows.code.tex 2020/01/08 v3.1.5b (3.1.5b)
\pgfarrowsep=\dimen193
)
(/home/hswin/.TinyTeX/texmf-dist/tex/generic/pgf/basiclayer/pgfcoreshade.code.t
ex
File: pgfcoreshade.code.tex 2020/01/08 v3.1.5b (3.1.5b)
\pgf@max=\dimen194
\pgf@sys@shading@range@num=\count277
\pgf@shadingcount=\count278
)
(/home/hswin/.TinyTeX/texmf-dist/tex/generic/pgf/basiclayer/pgfcoreimage.code.t
ex
File: pgfcoreimage.code.tex 2020/01/08 v3.1.5b (3.1.5b)

(/home/hswin/.TinyTeX/texmf-dist/tex/generic/pgf/basiclayer/pgfcoreexternal.cod
e.tex
File: pgfcoreexternal.code.tex 2020/01/08 v3.1.5b (3.1.5b)
\pgfexternal@startupbox=\box54
))
(/home/hswin/.TinyTeX/texmf-dist/tex/generic/pgf/basiclayer/pgfcorelayers.code.
tex
File: pgfcorelayers.code.tex 2020/01/08 v3.1.5b (3.1.5b)
)
(/home/hswin/.TinyTeX/texmf-dist/tex/generic/pgf/basiclayer/pgfcoretransparency
.code.tex
File: pgfcoretransparency.code.tex 2020/01/08 v3.1.5b (3.1.5b)
)
(/home/hswin/.TinyTeX/texmf-dist/tex/generic/pgf/basiclayer/pgfcorepatterns.cod
e.tex
File: pgfcorepatterns.code.tex 2020/01/08 v3.1.5b (3.1.5b)
)
(/home/hswin/.TinyTeX/texmf-dist/tex/generic/pgf/basiclayer/pgfcorerdf.code.tex
File: pgfcorerdf.code.tex 2020/01/08 v3.1.5b (3.1.5b)
)))
(/home/hswin/.TinyTeX/texmf-dist/tex/generic/pgf/modules/pgfmoduleshapes.code.t
ex
File: pgfmoduleshapes.code.tex 2020/01/08 v3.1.5b (3.1.5b)
\pgfnodeparttextbox=\box55
)
(/home/hswin/.TinyTeX/texmf-dist/tex/generic/pgf/modules/pgfmoduleplot.code.tex
File: pgfmoduleplot.code.tex 2020/01/08 v3.1.5b (3.1.5b)
)
(/home/hswin/.TinyTeX/texmf-dist/tex/latex/pgf/compatibility/pgfcomp-version-0-
65.sty
Package: pgfcomp-version-0-65 2020/01/08 v3.1.5b (3.1.5b)
\pgf@nodesepstart=\dimen195
\pgf@nodesepend=\dimen196
)
(/home/hswin/.TinyTeX/texmf-dist/tex/latex/pgf/compatibility/pgfcomp-version-1-
18.sty
Package: pgfcomp-version-1-18 2020/01/08 v3.1.5b (3.1.5b)
)) (/home/hswin/.TinyTeX/texmf-dist/tex/latex/pgf/utilities/pgffor.sty (/home/h
swin/.TinyTeX/texmf-dist/tex/latex/pgf/utilities/pgfkeys.sty (/home/hswin/.Tiny
TeX/texmf-dist/tex/generic/pgf/utilities/pgfkeys.code.tex)) (/home/hswin/.TinyT
eX/texmf-dist/tex/latex/pgf/math/pgfmath.sty (/home/hswin/.TinyTeX/texmf-dist/t
ex/generic/pgf/math/pgfmath.code.tex)) (/home/hswin/.TinyTeX/texmf-dist/tex/gen
eric/pgf/utilities/pgffor.code.tex
Package: pgffor 2020/01/08 v3.1.5b (3.1.5b)
(/home/hswin/.TinyTeX/texmf-dist/tex/generic/pgf/math/pgfmath.code.tex)
\pgffor@iter=\dimen197
\pgffor@skip=\dimen198
\pgffor@stack=\toks37
\pgffor@toks=\toks38
))
(/home/hswin/.TinyTeX/texmf-dist/tex/generic/pgf/frontendlayer/tikz/tikz.code.t
ex
Package: tikz 2020/01/08 v3.1.5b (3.1.5b)

(/home/hswin/.TinyTeX/texmf-dist/tex/generic/pgf/libraries/pgflibraryplothandle
rs.code.tex
File: pgflibraryplothandlers.code.tex 2020/01/08 v3.1.5b (3.1.5b)
\pgf@plot@mark@count=\count279
\pgfplotmarksize=\dimen199
)
\tikz@lastx=\dimen256
\tikz@lasty=\dimen257
\tikz@lastxsaved=\dimen258
\tikz@lastysaved=\dimen259
\tikz@lastmovetox=\dimen260
\tikz@lastmovetoy=\dimen261
\tikzleveldistance=\dimen262
\tikzsiblingdistance=\dimen263
\tikz@figbox=\box56
\tikz@figbox@bg=\box57
\tikz@tempbox=\box58
\tikz@tempbox@bg=\box59
\tikztreelevel=\count280
\tikznumberofchildren=\count281
\tikznumberofcurrentchild=\count282
\tikz@fig@count=\count283

(/home/hswin/.TinyTeX/texmf-dist/tex/generic/pgf/modules/pgfmodulematrix.code.t
ex
File: pgfmodulematrix.code.tex 2020/01/08 v3.1.5b (3.1.5b)
\pgfmatrixcurrentrow=\count284
\pgfmatrixcurrentcolumn=\count285
\pgf@matrix@numberofcolumns=\count286
)
\tikz@expandcount=\count287

(/home/hswin/.TinyTeX/texmf-dist/tex/generic/pgf/frontendlayer/tikz/libraries/t
ikzlibrarytopaths.code.tex
File: tikzlibrarytopaths.code.tex 2020/01/08 v3.1.5b (3.1.5b)
))) (/home/hswin/.TinyTeX/texmf-dist/tex/latex/algorithm2e/algorithm2e.sty
Package: algorithm2e 2017/07/18 v5.2 algorithms environments
\c@AlgoLine=\count288
(/home/hswin/.TinyTeX/texmf-dist/tex/latex/base/ifthen.sty
Package: ifthen 2014/09/29 v1.1c Standard LaTeX ifthen package (DPC)
)
\algocf@hangindent=\skip53
(/home/hswin/.TinyTeX/texmf-dist/tex/latex/ifoddpage/ifoddpage.sty
Package: ifoddpage 2016/04/23 v1.1 Conditionals for odd/even page detection
\c@checkoddpage=\count289
) (/home/hswin/.TinyTeX/texmf-dist/tex/latex/tools/xspace.sty
Package: xspace 2014/10/28 v1.13 Space after command names (DPC,MH)
) (/home/hswin/.TinyTeX/texmf-dist/tex/latex/relsize/relsize.sty
Package: relsize 2013/03/29 ver 4.1
)
\skiptotal=\skip54
\skiplinenumber=\skip55
\skiprule=\skip56
\skiphlne=\skip57
\skiptext=\skip58
\skiplength=\skip59
\algomargin=\skip60
\skipalgocfslide=\skip61
\algowidth=\dimen264
\inoutsize=\dimen265
\inoutindent=\dimen266
\interspacetitleruled=\dimen267
\interspacealgoruled=\dimen268
\interspacetitleboxruled=\dimen269
\algocf@ruledwidth=\skip62
\algocf@inoutbox=\box60
\algocf@inputbox=\box61
\AlCapSkip=\skip63
\AlCapHSkip=\skip64
\algoskipindent=\skip65
\algocf@nlbox=\box62
\algocf@hangingbox=\box63
\algocf@untilbox=\box64
\algocf@skipuntil=\skip66
\algocf@capbox=\box65
\algocf@lcaptionbox=\skip67
\algoheightruledefault=\skip68
\algoheightrule=\skip69
\algotitleheightruledefault=\skip70
\algotitleheightrule=\skip71
\c@algocfline=\count290
\c@algocfproc=\count291
\c@algocf=\count292
\algocf@algoframe=\box66
\algocf@algobox=\box67
) (/home/hswin/.TinyTeX/texmf-dist/tex/latex/etoolbox/etoolbox.sty
Package: etoolbox 2019/09/21 v2.5h e-TeX tools for LaTeX (JAW)
\etb@tempcnta=\count293
) (/home/hswin/.TinyTeX/texmf-dist/tex/generic/babel/babel.sty
Package: babel 2020/07/07 3.46 The Babel package
(/home/hswin/.TinyTeX/texmf-dist/tex/generic/babel/babel.def
File: babel.def 2020/07/07 3.46 Babel common definitions
\babel@savecnt=\count294
\U@D=\dimen270
\l@babelnohyphens=\language3
(/home/hswin/.TinyTeX/texmf-dist/tex/generic/babel/txtbabel.def)
\bbl@readstream=\read3
)
\bbl@dirlevel=\count295
(/home/hswin/.TinyTeX/texmf-dist/tex/generic/babel-english/english.ldf
Language: english 2017/06/06 v3.3r English support from the babel system
Package babel Info: \l@british = using hyphenrules for english
(babel)             (\language0) on input line 82.
Package babel Info: \l@UKenglish = using hyphenrules for english
(babel)             (\language0) on input line 83.
Package babel Info: \l@canadian = using hyphenrules for english
(babel)             (\language0) on input line 102.
Package babel Info: \l@australian = using hyphenrules for english
(babel)             (\language0) on input line 105.
Package babel Info: \l@newzealand = using hyphenrules for english
(babel)             (\language0) on input line 108.
) (/home/hswin/.TinyTeX/texmf-dist/tex/generic/babel-english/english.ldf
Language: english 2017/06/06 v3.3r English support from the babel system
)) (/home/hswin/.TinyTeX/texmf-dist/tex/latex/l3backend/l3backend-pdfmode.def
File: l3backend-pdfmode.def 2020-06-29 L3 backend support: PDF mode
\l__kernel_color_stack_int=\count296
\l__pdf_internal_box=\box68
) (./Project_Report.aux)
\openout1 = `Project_Report.aux'.

LaTeX Font Info:    Checking defaults for OML/cmm/m/it on input line 98.
LaTeX Font Info:    ... okay on input line 98.
LaTeX Font Info:    Checking defaults for OMS/cmsy/m/n on input line 98.
LaTeX Font Info:    ... okay on input line 98.
LaTeX Font Info:    Checking defaults for OT1/cmr/m/n on input line 98.
LaTeX Font Info:    ... okay on input line 98.
LaTeX Font Info:    Checking defaults for T1/cmr/m/n on input line 98.
LaTeX Font Info:    ... okay on input line 98.
LaTeX Font Info:    Checking defaults for TS1/cmr/m/n on input line 98.
LaTeX Font Info:    ... okay on input line 98.
LaTeX Font Info:    Checking defaults for OMX/cmex/m/n on input line 98.
LaTeX Font Info:    ... okay on input line 98.
LaTeX Font Info:    Checking defaults for U/cmr/m/n on input line 98.
LaTeX Font Info:    ... okay on input line 98.
LaTeX Font Info:    Checking defaults for PD1/pdf/m/n on input line 98.
LaTeX Font Info:    ... okay on input line 98.
LaTeX Font Info:    Checking defaults for PU/pdf/m/n on input line 98.
LaTeX Font Info:    ... okay on input line 98.
\AtBeginShipoutBox=\box69
Package hyperref Info: Link coloring OFF on input line 98.
(/home/hswin/.TinyTeX/texmf-dist/tex/latex/hyperref/nameref.sty
Package: nameref 2019/09/16 v2.46 Cross-referencing by name of section
(/home/hswin/.TinyTeX/texmf-dist/tex/latex/refcount/refcount.sty
Package: refcount 2019/12/15 v3.6 Data extraction from label references (HO)
) (/home/hswin/.TinyTeX/texmf-dist/tex/generic/gettitlestring/gettitlestring.st
y
Package: gettitlestring 2019/12/15 v1.6 Cleanup title references (HO)
)
\c@section@level=\count297
)
LaTeX Info: Redefining \ref on input line 98.
LaTeX Info: Redefining \pageref on input line 98.
LaTeX Info: Redefining \nameref on input line 98.
(./Project_Report.out) (./Project_Report.out)
\@outlinefile=\write4
\openout4 = `Project_Report.out'.

*geometry* driver: auto-detecting
*geometry* detected driver: pdftex
*geometry* verbose mode - [ preamble ] result:
* driver: pdftex
* paper: <default>
* layout: <same size as paper>
* layoutoffset:(h,v)=(0.0pt,0.0pt)
* modes: 
* h-part:(L,W,R)=(72.26999pt, 469.75502pt, 72.26999pt)
* v-part:(T,H,B)=(72.26999pt, 650.43001pt, 72.26999pt)
* \paperwidth=614.295pt
* \paperheight=794.96999pt
* \textwidth=469.75502pt
* \textheight=650.43001pt
* \oddsidemargin=0.0pt
* \evensidemargin=0.0pt
* \topmargin=-37.0pt
* \headheight=12.0pt
* \headsep=25.0pt
* \topskip=12.0pt
* \footskip=30.0pt
* \marginparwidth=44.0pt
* \marginparsep=10.0pt
* \columnsep=10.0pt
* \skip\footins=10.8pt plus 4.0pt minus 2.0pt
* \hoffset=0.0pt
* \voffset=0.0pt
* \mag=1000
* \@twocolumnfalse
* \@twosidefalse
* \@mparswitchfalse
* \@reversemarginfalse
* (1in=72.27pt=25.4mm, 1cm=28.453pt)

(/home/hswin/.TinyTeX/texmf-dist/tex/latex/epstopdf-pkg/epstopdf-base.sty
Package: epstopdf-base 2020-01-24 v2.11 Base part for package epstopdf
Package epstopdf-base Info: Redefining graphics rule for `.eps' on input line 4
85.
(/home/hswin/.TinyTeX/texmf-dist/tex/latex/latexconfig/epstopdf-sys.cfg
File: epstopdf-sys.cfg 2010/07/13 v1.3 Configuration of (r)epstopdf for TeX Liv
e
)) ABD: EveryShipout initializing macros
LaTeX Font Info:    Trying to load font information for OT1+lmr on input line 1
00.
(/home/hswin/.TinyTeX/texmf-dist/tex/latex/lm/ot1lmr.fd
File: ot1lmr.fd 2009/10/30 v1.6 Font defs for Latin Modern
)
LaTeX Font Info:    Trying to load font information for OML+lmm on input line 1
00.
(/home/hswin/.TinyTeX/texmf-dist/tex/latex/lm/omllmm.fd
File: omllmm.fd 2009/10/30 v1.6 Font defs for Latin Modern
)
LaTeX Font Info:    Trying to load font information for OMS+lmsy on input line 
100.
(/home/hswin/.TinyTeX/texmf-dist/tex/latex/lm/omslmsy.fd
File: omslmsy.fd 2009/10/30 v1.6 Font defs for Latin Modern
)
LaTeX Font Info:    Trying to load font information for OMX+lmex on input line 
100.
(/home/hswin/.TinyTeX/texmf-dist/tex/latex/lm/omxlmex.fd
File: omxlmex.fd 2009/10/30 v1.6 Font defs for Latin Modern
)
LaTeX Font Info:    External font `lmex10' loaded for size
(Font)              <14.4> on input line 100.
LaTeX Font Info:    External font `lmex10' loaded for size
(Font)              <10> on input line 100.
LaTeX Font Info:    External font `lmex10' loaded for size
(Font)              <7> on input line 100.
LaTeX Font Info:    Trying to load font information for U+msa on input line 100
.
(/home/hswin/.TinyTeX/texmf-dist/tex/latex/amsfonts/umsa.fd
File: umsa.fd 2013/01/14 v3.01 AMS symbols A
)
LaTeX Font Info:    Trying to load font information for U+msb on input line 100
.
(/home/hswin/.TinyTeX/texmf-dist/tex/latex/amsfonts/umsb.fd
File: umsb.fd 2013/01/14 v3.01 AMS symbols B
)
LaTeX Font Info:    External font `lmex10' loaded for size
(Font)              <12> on input line 119.
LaTeX Font Info:    External font `lmex10' loaded for size
(Font)              <8> on input line 119.
LaTeX Font Info:    External font `lmex10' loaded for size
(Font)              <6> on input line 119.
LaTeX Font Info:    Trying to load font information for TS1+lmr on input line 1
33.
(/home/hswin/.TinyTeX/texmf-dist/tex/latex/lm/ts1lmr.fd
File: ts1lmr.fd 2009/10/30 v1.6 Font defs for Latin Modern
) [1

{/home/hswin/.TinyTeX/texmf-var/fonts/map/pdftex/updmap/pdftex.map}] [2pdfTeX w
arning (ext4): destination with the same identifier (name{algocf.1}) has been a
lready used, duplicate ignored

\AtBegShi@Output ...ipout \box \AtBeginShipoutBox 
                                                  \fi \fi 
l.242 
      ]
<./images_&_data/kth_smallest/100m.png, id=74, 462.97969pt x 177.66376pt>
File: ./images_&_data/kth_smallest/100m.png Graphic file (type png)
<use ./images_&_data/kth_smallest/100m.png>
Package pdftex.def Info: ./images_&_data/kth_smallest/100m.png  used on input l
ine 304.
(pdftex.def)             Requested size: 328.8309pt x 126.18552pt.
[3]
LaTeX Font Info:    External font `lmex10' loaded for size
(Font)              <5> on input line 359.
[4pdfTeX warning (ext4): destination with the same identifier (name{figure.1}) 
has been already used, duplicate ignored

\AtBegShi@Output ...ipout \box \AtBeginShipoutBox 
                                                  \fi \fi 
l.365   A
         nother way is \textbf{generating points evenly in a grid}. Let \(n\) <
./images_&_data/kth_smallest/100m.png>]
LaTeX Font Info:    External font `lmex10' loaded for size
(Font)              <17.28> on input line 402.
pdfTeX warning (ext4): destination with the same identifier (name{algocf.2}) ha
s been already used, duplicate ignored
<to be read again> 
                   \relax 
l.453     \caption
                  {\textsc{SparseSepAnn}$(S,n,d,t)$}pdfTeX warning (ext4): dest
ination with the same identifier (name{algocf.2}) has been already used, duplic
ate ignored
<to be read again> 
                   \relax 
l.453 ...caption{\textsc{SparseSepAnn}$(S,n,d,t)$}
                                                   [5pdfTeX warning (ext4): des
tination with the same identifier (name{figure.2}) has been already used, dupli
cate ignored

\AtBegShi@Output ...ipout \box \AtBeginShipoutBox 
                                                  \fi \fi 
l.462 
      ]
Overfull \hbox (1.14905pt too wide) in paragraph at lines 467--470
[]\T1/lmr/m/n/12 Using the re-sult of \T1/lmr/m/sc/12 SparseSepAnn$\OT1/lmr/m/n
/12 (\OML/lmm/m/it/12 S; n; d; t\OT1/lmr/m/n/12 )$\T1/lmr/m/n/12 , this main al
-go-rithm \T1/lmr/m/sc/12 ClosestPair($\OML/lmm/m/it/12 S; n; d$\T1/lmr/m/sc/12
 )
 []


LaTeX Warning: Command \textbackslash invalid in math mode on input line 521.

[6] [7pdfTeX warning (ext4): destination with the same identifier (name{algocf.
3}) has been already used, duplicate ignored

\AtBegShi@Output ...ipout \box \AtBeginShipoutBox 
                                                  \fi \fi 
l.554 \end{document}
                    ]
Package atveryend Info: Empty hook `BeforeClearDocument' on input line 554.
Package atveryend Info: Empty hook `AfterLastShipout' on input line 554.
(./Project_Report.aux)
Package atveryend Info: Executing hook `AtVeryEndDocument' on input line 554.
Package atveryend Info: Executing hook `AtEndAfterFileList' on input line 554.
Package rerunfilecheck Info: File `Project_Report.out' has not changed.
(rerunfilecheck)             Checksum: 0A081F03065DA074C6204180954503F3;2230.
Package atveryend Info: Empty hook `AtVeryVeryEnd' on input line 554.
 ) 
Here is how much of TeX's memory you used:
 22498 strings out of 482419
 395765 string characters out of 5947790
 671576 words of memory out of 5000000
 37787 multiletter control sequences out of 15000+600000
 627726 words of font info for 92 fonts, out of 8000000 for 9000
 14 hyphenation exceptions out of 8191
 60i,19n,60p,908b,780s stack positions out of 5000i,500n,10000p,200000b,80000s
{/home/hswin/.TinyTeX/texmf-dist/fonts/enc/dvips/lm/lm-rm.enc}{/home/hswin/.T
inyTeX/texmf-dist/fonts/enc/dvips/lm/lm-mathsy.enc}{/home/hswin/.TinyTeX/texmf-
dist/fonts/enc/dvips/lm/lm-ec.enc}{/home/hswin/.TinyTeX/texmf-dist/fonts/enc/dv
ips/lm/lm-mathit.enc}{/home/hswin/.TinyTeX/texmf-dist/fonts/enc/dvips/lm/lm-ts1
.enc}</home/hswin/.TinyTeX/texmf-dist/fonts/type1/public/lm/lmbx12.pfb></home/h
swin/.TinyTeX/texmf-dist/fonts/type1/public/lm/lmbx8.pfb></home/hswin/.TinyTeX/
texmf-dist/fonts/type1/public/lm/lmbxi10.pfb></home/hswin/.TinyTeX/texmf-dist/f
onts/type1/public/lm/lmcsc10.pfb></home/hswin/.TinyTeX/texmf-dist/fonts/type1/p
ublic/lm/lmmi10.pfb></home/hswin/.TinyTeX/texmf-dist/fonts/type1/public/lm/lmmi
12.pfb></home/hswin/.TinyTeX/texmf-dist/fonts/type1/public/lm/lmmi8.pfb></home/
hswin/.TinyTeX/texmf-dist/fonts/type1/public/lm/lmmib10.pfb></home/hswin/.TinyT
eX/texmf-dist/fonts/type1/public/lm/lmr10.pfb></home/hswin/.TinyTeX/texmf-dist/
fonts/type1/public/lm/lmr12.pfb></home/hswin/.TinyTeX/texmf-dist/fonts/type1/pu
blic/lm/lmr17.pfb></home/hswin/.TinyTeX/texmf-dist/fonts/type1/public/lm/lmr7.p
fb></home/hswin/.TinyTeX/texmf-dist/fonts/type1/public/lm/lmr8.pfb></home/hswin
/.TinyTeX/texmf-dist/fonts/type1/public/lm/lmri10.pfb></home/hswin/.TinyTeX/tex
mf-dist/fonts/type1/public/lm/lmri12.pfb></home/hswin/.TinyTeX/texmf-dist/fonts
/type1/public/lm/lmsy10.pfb></home/hswin/.TinyTeX/texmf-dist/fonts/type1/public
/lm/lmsy8.pfb>
Output written on Project_Report.pdf (7 pages, 319182 bytes).
PDF statistics:
 212 PDF objects out of 1000 (max. 8388607)
 183 compressed objects within 2 object streams
 42 named destinations out of 1000 (max. 500000)
 82 words of extra memory for PDF output out of 10000 (max. 10000000)

